<?xml version="1.0" encoding="UTF-8"?>
<!-- Generated by org.testng.reporters.JUnitXMLReporter -->
<testsuite hostname="Mohammad-uddin" name="Running Smoke suite in Chrome" tests="2" failures="0" timestamp="13 Sep 2020 19:49:21 GMT" time="1.192" errors="0">
  <testcase name="@BeforeMethod beforeEachTestMethod" time="0.0" classname="test_signIn.VerifyUserFullName">
    <failure type="org.openqa.selenium.SessionNotCreatedException" message="session not created: This version of ChromeDriver only supports Chrome version 83
Build info: version: &amp;apos;3.141.59&amp;apos;, revision: &amp;apos;e82be7d358&amp;apos;, time: &amp;apos;2018-11-14T08:25:48&amp;apos;
System info: host: &amp;apos;MOHAMMAD-UDDIN&amp;apos;, ip: &amp;apos;192.168.1.12&amp;apos;, os.name: &amp;apos;Windows 10&amp;apos;, os.arch: &amp;apos;amd64&amp;apos;, os.version: &amp;apos;10.0&amp;apos;, java.version: &amp;apos;1.8.0_261&amp;apos;
Driver info: driver.version: ChromeDriver
remote stacktrace: Backtrace:
	Ordinal0 [0x00DD9563+2725219]
	Ordinal0 [0x00CD8551+1672529]
	Ordinal0 [0x00BC0359+525145]
	Ordinal0 [0x00B50B77+68471]
	Ordinal0 [0x00B4D32C+54060]
	Ordinal0 [0x00B6CC37+183351]
	Ordinal0 [0x00B6CA3D+182845]
	Ordinal0 [0x00B6A94B+174411]
	Ordinal0 [0x00B52528+75048]
	Ordinal0 [0x00B535A0+79264]
	Ordinal0 [0x00B53539+79161]
	Ordinal0 [0x00CED607+1758727]
	GetHandleVerifier [0x00EF6546+1050150]
	GetHandleVerifier [0x00EF6291+1049457]
	GetHandleVerifier [0x00F010D7+1094071]
	GetHandleVerifier [0x00EF6B46+1051686]
	Ordinal0 [0x00CE5B06+1727238]
	Ordinal0 [0x00CEEB7B+1764219]
	Ordinal0 [0x00CEECE3+1764579]
	Ordinal0 [0x00D04C05+1854469]
	BaseThreadInitThunk [0x7575F989+25]
	RtlGetAppContainerNamedObjectPath [0x771274B4+228]
	RtlGetAppContainerNamedObjectPath [0x77127484+180]
">
      <![CDATA[org.openqa.selenium.SessionNotCreatedException: session not created: This version of ChromeDriver only supports Chrome version 83
Build info: version: '3.141.59', revision: 'e82be7d358', time: '2018-11-14T08:25:48'
System info: host: 'MOHAMMAD-UDDIN', ip: '192.168.1.12', os.name: 'Windows 10', os.arch: 'amd64', os.version: '10.0', java.version: '1.8.0_261'
Driver info: driver.version: ChromeDriver
remote stacktrace: Backtrace:
	Ordinal0 [0x00DD9563+2725219]
	Ordinal0 [0x00CD8551+1672529]
	Ordinal0 [0x00BC0359+525145]
	Ordinal0 [0x00B50B77+68471]
	Ordinal0 [0x00B4D32C+54060]
	Ordinal0 [0x00B6CC37+183351]
	Ordinal0 [0x00B6CA3D+182845]
	Ordinal0 [0x00B6A94B+174411]
	Ordinal0 [0x00B52528+75048]
	Ordinal0 [0x00B535A0+79264]
	Ordinal0 [0x00B53539+79161]
	Ordinal0 [0x00CED607+1758727]
	GetHandleVerifier [0x00EF6546+1050150]
	GetHandleVerifier [0x00EF6291+1049457]
	GetHandleVerifier [0x00F010D7+1094071]
	GetHandleVerifier [0x00EF6B46+1051686]
	Ordinal0 [0x00CE5B06+1727238]
	Ordinal0 [0x00CEEB7B+1764219]
	Ordinal0 [0x00CEECE3+1764579]
	Ordinal0 [0x00D04C05+1854469]
	BaseThreadInitThunk [0x7575F989+25]
	RtlGetAppContainerNamedObjectPath [0x771274B4+228]
	RtlGetAppContainerNamedObjectPath [0x77127484+180]

	at org.openqa.selenium.remote.W3CHandshakeResponse.lambda$errorHandler$0(W3CHandshakeResponse.java:62)
	at org.openqa.selenium.remote.HandshakeResponse.lambda$getResponseFunction$0(HandshakeResponse.java:30)
	at org.openqa.selenium.remote.ProtocolHandshake.lambda$createSession$0(ProtocolHandshake.java:126)
	at java.util.stream.ReferencePipeline$3$1.accept(Unknown Source)
	at java.util.Spliterators$ArraySpliterator.tryAdvance(Unknown Source)
	at java.util.stream.ReferencePipeline.forEachWithCancel(Unknown Source)
	at java.util.stream.AbstractPipeline.copyIntoWithCancel(Unknown Source)
	at java.util.stream.AbstractPipeline.copyInto(Unknown Source)
	at java.util.stream.AbstractPipeline.wrapAndCopyInto(Unknown Source)
	at java.util.stream.FindOps$FindOp.evaluateSequential(Unknown Source)
	at java.util.stream.AbstractPipeline.evaluate(Unknown Source)
	at java.util.stream.ReferencePipeline.findFirst(Unknown Source)
	at org.openqa.selenium.remote.ProtocolHandshake.createSession(ProtocolHandshake.java:128)
	at org.openqa.selenium.remote.ProtocolHandshake.createSession(ProtocolHandshake.java:74)
	at org.openqa.selenium.remote.HttpCommandExecutor.execute(HttpCommandExecutor.java:136)
	at org.openqa.selenium.remote.service.DriverCommandExecutor.execute(DriverCommandExecutor.java:83)
	at org.openqa.selenium.remote.RemoteWebDriver.execute(RemoteWebDriver.java:552)
	at org.openqa.selenium.remote.RemoteWebDriver.startSession(RemoteWebDriver.java:213)
	at org.openqa.selenium.remote.RemoteWebDriver.<init>(RemoteWebDriver.java:131)
	at org.openqa.selenium.chrome.ChromeDriver.<init>(ChromeDriver.java:181)
	at org.openqa.selenium.chrome.ChromeDriver.<init>(ChromeDriver.java:168)
	at org.openqa.selenium.chrome.ChromeDriver.<init>(ChromeDriver.java:123)
	at base.Config.beforeEachTestMethod(Config.java:27)
... Removed 30 stack frames]]>
    </failure>
  </testcase> <!-- @BeforeMethod beforeEachTestMethod -->
  <testcase name="@AfterMethod afterEachTestMethod" time="0.0" classname="test_signIn.VerifyUserFullName">
    <skipped/>
  </testcase> <!-- @AfterMethod afterEachTestMethod -->
  <testcase name="@BeforeMethod beforeEachTestMethod" time="0.0" classname="test_register.NewRegisterTest">
    <skipped/>
  </testcase> <!-- @BeforeMethod beforeEachTestMethod -->
  <testcase name="@AfterMethod afterEachTestMethod" time="0.0" classname="test_register.NewRegisterTest">
    <skipped/>
  </testcase> <!-- @AfterMethod afterEachTestMethod -->
  <testcase name="userFullNameTest" time="0.001" classname="test_signIn.VerifyUserFullName">
    <skipped/>
  </testcase> <!-- userFullNameTest -->
  <testcase name="registerWithNewEmailTest" time="0.001" classname="test_register.NewRegisterTest">
    <skipped/>
  </testcase> <!-- registerWithNewEmailTest -->
</testsuite> <!-- Running Smoke suite in Chrome -->
