<!DOCTYPE html PUBLIC "-//W3C//DTD XHTML 1.1//EN" "http://www.w3.org/TR/xhtml11/DTD/xhtml11.dtd">
<html xmlns="http://www.w3.org/1999/xhtml"><head><title>TestNG Report</title><style type="text/css">table {margin-bottom:10px;border-collapse:collapse;empty-cells:show}th,td {border:1px solid #009;padding:.25em .5em}th {vertical-align:bottom}td {vertical-align:top}table a {font-weight:bold}.stripe td {background-color: #E6EBF9}.num {text-align:right}.passedodd td {background-color: #3F3}.passedeven td {background-color: #0A0}.skippedodd td {background-color: #DDD}.skippedeven td {background-color: #CCC}.failedodd td,.attn {background-color: #F33}.failedeven td,.stripe .attn {background-color: #D00}.stacktrace {white-space:pre;font-family:monospace}.totop {font-size:85%;text-align:center;border-bottom:2px solid #000}</style></head><body><table><tr><th>Test</th><th># Passed</th><th># Skipped</th><th># Failed</th><th>Time (ms)</th><th>Included Groups</th><th>Excluded Groups</th></tr><tr><th colspan="7">Booking.com - Smoke Test Suite</th></tr><tr><td><a href="#t0">Running Smoke suite in firefox</a></td><td class="num">0</td><td class="num attn">1</td><td class="num attn">1</td><td class="num">22,888</td><td></td><td></td></tr><tr class="stripe"><td><a href="#t1">Running Smoke suite in Chrome</a></td><td class="num">0</td><td class="num attn">2</td><td class="num">0</td><td class="num">1,192</td><td></td><td></td></tr><tr><th>Total</th><th class="num">0</th><th class="num attn">3</th><th class="num attn">1</th><th class="num">24,080</th><th colspan="2"></th></tr></table><table><thead><tr><th>Class</th><th>Method</th><th>Start</th><th>Time (ms)</th></tr></thead><tbody><tr><th colspan="4">Booking.com - Smoke Test Suite</th></tr></tbody><tbody id="t0"><tr><th colspan="4">Running Smoke suite in firefox &#8212; failed (configuration methods)</th></tr><tr class="failedeven"><td rowspan="1">test_signIn.VerifyUserFullName</td><td><a href="#m0">afterEachTestMethod</a></td><td rowspan="1">1600026559389</td><td rowspan="1">0</td></tr><tr><th colspan="4">Running Smoke suite in firefox &#8212; failed</th></tr><tr class="failedeven"><td rowspan="1">test_signIn.VerifyUserFullName</td><td><a href="#m1">userFullNameTest</a></td><td rowspan="1">1600026545953</td><td rowspan="1">13432</td></tr><tr><th colspan="4">Running Smoke suite in firefox &#8212; skipped (configuration methods)</th></tr><tr class="skippedeven"><td rowspan="2">test_register.NewRegisterTest</td><td><a href="#m2">afterEachTestMethod</a></td><td rowspan="1">1600026560601</td><td rowspan="1">0</td></tr><tr class="skippedeven"><td><a href="#m3">beforeEachTestMethod</a></td><td rowspan="1">1600026560599</td><td rowspan="1">0</td></tr><tr><th colspan="4">Running Smoke suite in firefox &#8212; skipped</th></tr><tr class="skippedeven"><td rowspan="1">test_register.NewRegisterTest</td><td><a href="#m4">registerWithNewEmailTest</a></td><td rowspan="1">1600026560599</td><td rowspan="1">1</td></tr></tbody><tbody id="t1"><tr><th colspan="4">Running Smoke suite in Chrome &#8212; failed (configuration methods)</th></tr><tr class="failedeven"><td rowspan="1">test_signIn.VerifyUserFullName</td><td><a href="#m5">beforeEachTestMethod</a></td><td rowspan="1">1600026560618</td><td rowspan="1">0</td></tr><tr><th colspan="4">Running Smoke suite in Chrome &#8212; skipped (configuration methods)</th></tr><tr class="skippedeven"><td rowspan="2">test_register.NewRegisterTest</td><td><a href="#m6">afterEachTestMethod</a></td><td rowspan="1">1600026561809</td><td rowspan="1">0</td></tr><tr class="skippedeven"><td><a href="#m7">beforeEachTestMethod</a></td><td rowspan="1">1600026561808</td><td rowspan="1">0</td></tr><tr class="skippedodd"><td rowspan="2">test_signIn.VerifyUserFullName</td><td><a href="#m8">afterEachTestMethod</a></td><td rowspan="1">1600026561807</td><td rowspan="1">0</td></tr><tr class="skippedodd"><td><a href="#m9">tearDown</a></td><td rowspan="1">1600026561821</td><td rowspan="1">0</td></tr><tr><th colspan="4">Running Smoke suite in Chrome &#8212; skipped</th></tr><tr class="skippedeven"><td rowspan="1">test_register.NewRegisterTest</td><td><a href="#m10">registerWithNewEmailTest</a></td><td rowspan="1">1600026561808</td><td rowspan="1">1</td></tr><tr class="skippedodd"><td rowspan="1">test_signIn.VerifyUserFullName</td><td><a href="#m11">userFullNameTest</a></td><td rowspan="1">1600026561806</td><td rowspan="1">1</td></tr></tbody></table><h2>Running Smoke suite in firefox</h2><h3 id="m0">test_signIn.VerifyUserFullName#afterEachTestMethod</h3><table class="result"><tr><th>Exception</th></tr><tr><td><div class="stacktrace">org.openqa.selenium.WebDriverException: Failed to decode response from marionette
Build info: version: &apos;3.141.59&apos;, revision: &apos;e82be7d358&apos;, time: &apos;2018-11-14T08:25:48&apos;
System info: host: &apos;MOHAMMAD-UDDIN&apos;, ip: &apos;192.168.1.12&apos;, os.name: &apos;Windows 10&apos;, os.arch: &apos;amd64&apos;, os.version: &apos;10.0&apos;, java.version: &apos;1.8.0_261&apos;
Driver info: org.openqa.selenium.firefox.FirefoxDriver
Capabilities {acceptInsecureCerts: true, browserName: firefox, browserVersion: 79.0, javascriptEnabled: true, moz:accessibilityChecks: false, moz:buildID: 20200720193547, moz:geckodriverVersion: 0.26.0, moz:headless: false, moz:processID: 7328, moz:profile: C:\Users\alaud\AppData\Loca..., moz:shutdownTimeout: 60000, moz:useNonSpecCompliantPointerOrigin: false, moz:webdriverClick: true, pageLoadStrategy: normal, platform: WINDOWS, platformName: WINDOWS, platformVersion: 10.0, rotatable: false, setWindowRect: true, strictFileInteractability: false, timeouts: {implicit: 0, pageLoad: 300000, script: 30000}, unhandledPromptBehavior: dismiss and notify}
Session ID: 5b05605d-4bb6-40fc-bc41-4317304248bf
	at org.openqa.selenium.remote.http.W3CHttpResponseCodec.createException(W3CHttpResponseCodec.java:187)
	at org.openqa.selenium.remote.http.W3CHttpResponseCodec.decode(W3CHttpResponseCodec.java:122)
	at org.openqa.selenium.remote.http.W3CHttpResponseCodec.decode(W3CHttpResponseCodec.java:49)
	at org.openqa.selenium.remote.HttpCommandExecutor.execute(HttpCommandExecutor.java:158)
	at org.openqa.selenium.remote.service.DriverCommandExecutor.execute(DriverCommandExecutor.java:83)
	at org.openqa.selenium.remote.RemoteWebDriver.execute(RemoteWebDriver.java:552)
	at org.openqa.selenium.remote.RemoteWebDriver.execute(RemoteWebDriver.java:609)
	at org.openqa.selenium.remote.RemoteWebDriver.close(RemoteWebDriver.java:442)
	at base.Config.afterEachTestMethod(Config.java:44)
... Removed 30 stack frames</div></td></tr></table><p class="totop"><a href="#summary">back to summary</a></p><h3 id="m1">test_signIn.VerifyUserFullName#userFullNameTest</h3><table class="result"><tr><th>Exception</th></tr><tr><td><div class="stacktrace">org.openqa.selenium.WebDriverException: Failed to convert data to an object
Build info: version: &apos;3.141.59&apos;, revision: &apos;e82be7d358&apos;, time: &apos;2018-11-14T08:25:48&apos;
System info: host: &apos;MOHAMMAD-UDDIN&apos;, ip: &apos;192.168.1.12&apos;, os.name: &apos;Windows 10&apos;, os.arch: &apos;amd64&apos;, os.version: &apos;10.0&apos;, java.version: &apos;1.8.0_261&apos;
Driver info: org.openqa.selenium.firefox.FirefoxDriver
Capabilities {acceptInsecureCerts: true, browserName: firefox, browserVersion: 79.0, javascriptEnabled: true, moz:accessibilityChecks: false, moz:buildID: 20200720193547, moz:geckodriverVersion: 0.26.0, moz:headless: false, moz:processID: 7328, moz:profile: C:\Users\alaud\AppData\Loca..., moz:shutdownTimeout: 60000, moz:useNonSpecCompliantPointerOrigin: false, moz:webdriverClick: true, pageLoadStrategy: normal, platform: WINDOWS, platformName: WINDOWS, platformVersion: 10.0, rotatable: false, setWindowRect: true, strictFileInteractability: false, timeouts: {implicit: 0, pageLoad: 300000, script: 30000}, unhandledPromptBehavior: dismiss and notify}
Session ID: 5b05605d-4bb6-40fc-bc41-4317304248bf
*** Element info: {Using=xpath, value=//*[@id=&apos;root&apos;]/div/div[2]/div/div[1]/div[2]/div/div/div/form/div[3]/button}
	at org.openqa.selenium.remote.http.W3CHttpResponseCodec.createException(W3CHttpResponseCodec.java:187)
	at org.openqa.selenium.remote.http.W3CHttpResponseCodec.decode(W3CHttpResponseCodec.java:122)
	at org.openqa.selenium.remote.http.W3CHttpResponseCodec.decode(W3CHttpResponseCodec.java:49)
	at org.openqa.selenium.remote.HttpCommandExecutor.execute(HttpCommandExecutor.java:158)
	at org.openqa.selenium.remote.service.DriverCommandExecutor.execute(DriverCommandExecutor.java:83)
	at org.openqa.selenium.remote.RemoteWebDriver.execute(RemoteWebDriver.java:552)
	at org.openqa.selenium.remote.RemoteWebDriver.findElement(RemoteWebDriver.java:323)
	at org.openqa.selenium.remote.RemoteWebDriver.findElementByXPath(RemoteWebDriver.java:428)
	at org.openqa.selenium.By$ByXPath.findElement(By.java:353)
	at org.openqa.selenium.remote.RemoteWebDriver.findElement(RemoteWebDriver.java:315)
	at base.WDFunctions.clickByXpath(WDFunctions.java:39)
	at test_signIn.VerifyUserFullName.userFullNameTest(VerifyUserFullName.java:25)
... Removed 28 stack frames</div></td></tr></table><p class="totop"><a href="#summary">back to summary</a></p><h3 id="m2">test_register.NewRegisterTest#afterEachTestMethod</h3><table class="result"></table><p class="totop"><a href="#summary">back to summary</a></p><h3 id="m3">test_register.NewRegisterTest#beforeEachTestMethod</h3><table class="result"></table><p class="totop"><a href="#summary">back to summary</a></p><h3 id="m4">test_register.NewRegisterTest#registerWithNewEmailTest</h3><table class="result"></table><p class="totop"><a href="#summary">back to summary</a></p><h2>Running Smoke suite in Chrome</h2><h3 id="m5">test_signIn.VerifyUserFullName#beforeEachTestMethod</h3><table class="result"><tr class="param"><th>Parameter #1</th></tr><tr class="param stripe"><td>CH</td></tr><tr><th>Exception</th></tr><tr><td><div class="stacktrace">org.openqa.selenium.SessionNotCreatedException: session not created: This version of ChromeDriver only supports Chrome version 83
Build info: version: &apos;3.141.59&apos;, revision: &apos;e82be7d358&apos;, time: &apos;2018-11-14T08:25:48&apos;
System info: host: &apos;MOHAMMAD-UDDIN&apos;, ip: &apos;192.168.1.12&apos;, os.name: &apos;Windows 10&apos;, os.arch: &apos;amd64&apos;, os.version: &apos;10.0&apos;, java.version: &apos;1.8.0_261&apos;
Driver info: driver.version: ChromeDriver
remote stacktrace: Backtrace:
	Ordinal0 [0x00DD9563+2725219]
	Ordinal0 [0x00CD8551+1672529]
	Ordinal0 [0x00BC0359+525145]
	Ordinal0 [0x00B50B77+68471]
	Ordinal0 [0x00B4D32C+54060]
	Ordinal0 [0x00B6CC37+183351]
	Ordinal0 [0x00B6CA3D+182845]
	Ordinal0 [0x00B6A94B+174411]
	Ordinal0 [0x00B52528+75048]
	Ordinal0 [0x00B535A0+79264]
	Ordinal0 [0x00B53539+79161]
	Ordinal0 [0x00CED607+1758727]
	GetHandleVerifier [0x00EF6546+1050150]
	GetHandleVerifier [0x00EF6291+1049457]
	GetHandleVerifier [0x00F010D7+1094071]
	GetHandleVerifier [0x00EF6B46+1051686]
	Ordinal0 [0x00CE5B06+1727238]
	Ordinal0 [0x00CEEB7B+1764219]
	Ordinal0 [0x00CEECE3+1764579]
	Ordinal0 [0x00D04C05+1854469]
	BaseThreadInitThunk [0x7575F989+25]
	RtlGetAppContainerNamedObjectPath [0x771274B4+228]
	RtlGetAppContainerNamedObjectPath [0x77127484+180]

	at org.openqa.selenium.remote.W3CHandshakeResponse.lambda$errorHandler$0(W3CHandshakeResponse.java:62)
	at org.openqa.selenium.remote.HandshakeResponse.lambda$getResponseFunction$0(HandshakeResponse.java:30)
	at org.openqa.selenium.remote.ProtocolHandshake.lambda$createSession$0(ProtocolHandshake.java:126)
	at java.util.stream.ReferencePipeline$3$1.accept(Unknown Source)
	at java.util.Spliterators$ArraySpliterator.tryAdvance(Unknown Source)
	at java.util.stream.ReferencePipeline.forEachWithCancel(Unknown Source)
	at java.util.stream.AbstractPipeline.copyIntoWithCancel(Unknown Source)
	at java.util.stream.AbstractPipeline.copyInto(Unknown Source)
	at java.util.stream.AbstractPipeline.wrapAndCopyInto(Unknown Source)
	at java.util.stream.FindOps$FindOp.evaluateSequential(Unknown Source)
	at java.util.stream.AbstractPipeline.evaluate(Unknown Source)
	at java.util.stream.ReferencePipeline.findFirst(Unknown Source)
	at org.openqa.selenium.remote.ProtocolHandshake.createSession(ProtocolHandshake.java:128)
	at org.openqa.selenium.remote.ProtocolHandshake.createSession(ProtocolHandshake.java:74)
	at org.openqa.selenium.remote.HttpCommandExecutor.execute(HttpCommandExecutor.java:136)
	at org.openqa.selenium.remote.service.DriverCommandExecutor.execute(DriverCommandExecutor.java:83)
	at org.openqa.selenium.remote.RemoteWebDriver.execute(RemoteWebDriver.java:552)
	at org.openqa.selenium.remote.RemoteWebDriver.startSession(RemoteWebDriver.java:213)
	at org.openqa.selenium.remote.RemoteWebDriver.&lt;init&gt;(RemoteWebDriver.java:131)
	at org.openqa.selenium.chrome.ChromeDriver.&lt;init&gt;(ChromeDriver.java:181)
	at org.openqa.selenium.chrome.ChromeDriver.&lt;init&gt;(ChromeDriver.java:168)
	at org.openqa.selenium.chrome.ChromeDriver.&lt;init&gt;(ChromeDriver.java:123)
	at base.Config.beforeEachTestMethod(Config.java:27)
... Removed 30 stack frames</div></td></tr></table><p class="totop"><a href="#summary">back to summary</a></p><h3 id="m6">test_register.NewRegisterTest#afterEachTestMethod</h3><table class="result"></table><p class="totop"><a href="#summary">back to summary</a></p><h3 id="m7">test_register.NewRegisterTest#beforeEachTestMethod</h3><table class="result"></table><p class="totop"><a href="#summary">back to summary</a></p><h3 id="m8">test_signIn.VerifyUserFullName#afterEachTestMethod</h3><table class="result"></table><p class="totop"><a href="#summary">back to summary</a></p><h3 id="m9">test_signIn.VerifyUserFullName#tearDown</h3><table class="result"></table><p class="totop"><a href="#summary">back to summary</a></p><h3 id="m10">test_register.NewRegisterTest#registerWithNewEmailTest</h3><table class="result"></table><p class="totop"><a href="#summary">back to summary</a></p><h3 id="m11">test_signIn.VerifyUserFullName#userFullNameTest</h3><table class="result"></table><p class="totop"><a href="#summary">back to summary</a></p></body></html>